<?xml version="1.0" encoding="UTF-8"?>
<!-- Generated by org.testng.reporters.JUnitXMLReporter -->
<testsuite ignored="0" hostname="LAPTOP-6F5IMLR2" failures="0" tests="4" name="Test" time="6.941" errors="0" timestamp="22 May 2024 09:10:23 GMT">
  <testcase classname="org.testngconcept.Test123" name="tc01" time="3.902"/>
  <testcase classname="org.testngconcept.Test123" name="tc02" time="0.171"/>
  <testcase classname="org.testngconcept.Test124" name="tc01" time="6.759"/>
  <testcase classname="org.testngconcept.Test124" name="tc02" time="0.153"/>
</testsuite> <!-- Test -->
