<?xml version="1.0" encoding="UTF-8"?>
<testng-results ignored="0" total="1" passed="1" failed="0" skipped="0">
  <reporter-output>
  </reporter-output>
  <suite started-at="2024-05-25T05:15:47Z" name="Default suite" finished-at="2024-05-25T05:16:19Z" duration-ms="31966">
    <groups>
    </groups>
    <test started-at="2024-05-25T05:15:47Z" name="Default test" finished-at="2024-05-25T05:16:19Z" duration-ms="31966">
      <class name="org.testngconcept.Test123">
        <test-method signature="tc01()[pri:0, instance:org.testngconcept.Test123@20c0a64d]" started-at="2024-05-25T05:15:47Z" name="tc01" finished-at="2024-05-25T05:16:19Z" duration-ms="31942" status="PASS">
          <reporter-output>
          </reporter-output>
        </test-method> <!-- tc01 -->
      </class> <!-- org.testngconcept.Test123 -->
    </test> <!-- Default test -->
  </suite> <!-- Default suite -->
</testng-results>
